Performing C SOURCE FILE Test CMAKE_HAVE_LIBC_PTHREAD failed with the following output:
Change Dir: /home/lzb/CLionProjects/libuv-cmake/cmake-build-debug/CMakeFiles/CMakeTmp

Run Build Command(s):/usr/bin/make cmTC_9ec62/fast && /usr/bin/make -f CMakeFiles/cmTC_9ec62.dir/build.make CMakeFiles/cmTC_9ec62.dir/build
make[1]: Entering directory '/home/lzb/CLionProjects/libuv-cmake/cmake-build-debug/CMakeFiles/CMakeTmp'
Building C object CMakeFiles/cmTC_9ec62.dir/src.c.o
/usr/bin/cc   -g --std=gnu89 -pedantic -Wall -Wextra -Wno-unused-parameter -DCMAKE_HAVE_LIBC_PTHREAD   -o CMakeFiles/cmTC_9ec62.dir/src.c.o   -c /home/lzb/CLionProjects/libuv-cmake/cmake-build-debug/CMakeFiles/CMakeTmp/src.c
Linking C executable cmTC_9ec62
/home/lzb/clion-2019.1.4/bin/cmake/linux/bin/cmake -E cmake_link_script CMakeFiles/cmTC_9ec62.dir/link.txt --verbose=1
/usr/bin/cc  -g --std=gnu89 -pedantic -Wall -Wextra -Wno-unused-parameter -DCMAKE_HAVE_LIBC_PTHREAD    -rdynamic CMakeFiles/cmTC_9ec62.dir/src.c.o  -o cmTC_9ec62 
CMakeFiles/cmTC_9ec62.dir/src.c.o: In function `main':
/home/lzb/CLionProjects/libuv-cmake/cmake-build-debug/CMakeFiles/CMakeTmp/src.c:11: undefined reference to `pthread_create'
/home/lzb/CLionProjects/libuv-cmake/cmake-build-debug/CMakeFiles/CMakeTmp/src.c:12: undefined reference to `pthread_detach'
/home/lzb/CLionProjects/libuv-cmake/cmake-build-debug/CMakeFiles/CMakeTmp/src.c:13: undefined reference to `pthread_join'
/home/lzb/CLionProjects/libuv-cmake/cmake-build-debug/CMakeFiles/CMakeTmp/src.c:14: undefined reference to `pthread_atfork'
collect2: error: ld returned 1 exit status
CMakeFiles/cmTC_9ec62.dir/build.make:86: recipe for target 'cmTC_9ec62' failed
make[1]: *** [cmTC_9ec62] Error 1
make[1]: Leaving directory '/home/lzb/CLionProjects/libuv-cmake/cmake-build-debug/CMakeFiles/CMakeTmp'
Makefile:121: recipe for target 'cmTC_9ec62/fast' failed
make: *** [cmTC_9ec62/fast] Error 2


Source file was:
#include <pthread.h>

void* test_func(void* data)
{
  return data;
}

int main(void)
{
  pthread_t thread;
  pthread_create(&thread, NULL, test_func, NULL);
  pthread_detach(thread);
  pthread_join(thread, NULL);
  pthread_atfork(NULL, NULL, NULL);
  pthread_exit(NULL);

  return 0;
}

Determining if the function pthread_create exists in the pthreads failed with the following output:
Change Dir: /home/lzb/CLionProjects/libuv-cmake/cmake-build-debug/CMakeFiles/CMakeTmp

Run Build Command(s):/usr/bin/make cmTC_ef83d/fast && /usr/bin/make -f CMakeFiles/cmTC_ef83d.dir/build.make CMakeFiles/cmTC_ef83d.dir/build
make[1]: Entering directory '/home/lzb/CLionProjects/libuv-cmake/cmake-build-debug/CMakeFiles/CMakeTmp'
Building C object CMakeFiles/cmTC_ef83d.dir/CheckFunctionExists.c.o
/usr/bin/cc   -g --std=gnu89 -pedantic -Wall -Wextra -Wno-unused-parameter -DCHECK_FUNCTION_EXISTS=pthread_create   -o CMakeFiles/cmTC_ef83d.dir/CheckFunctionExists.c.o   -c /home/lzb/clion-2019.1.4/bin/cmake/linux/share/cmake-3.15/Modules/CheckFunctionExists.c
Linking C executable cmTC_ef83d
/home/lzb/clion-2019.1.4/bin/cmake/linux/bin/cmake -E cmake_link_script CMakeFiles/cmTC_ef83d.dir/link.txt --verbose=1
/usr/bin/cc  -g --std=gnu89 -pedantic -Wall -Wextra -Wno-unused-parameter -DCHECK_FUNCTION_EXISTS=pthread_create    -rdynamic CMakeFiles/cmTC_ef83d.dir/CheckFunctionExists.c.o  -o cmTC_ef83d -lpthreads 
/usr/bin/ld: cannot find -lpthreads
collect2: error: ld returned 1 exit status
CMakeFiles/cmTC_ef83d.dir/build.make:86: recipe for target 'cmTC_ef83d' failed
make[1]: *** [cmTC_ef83d] Error 1
make[1]: Leaving directory '/home/lzb/CLionProjects/libuv-cmake/cmake-build-debug/CMakeFiles/CMakeTmp'
Makefile:121: recipe for target 'cmTC_ef83d/fast' failed
make: *** [cmTC_ef83d/fast] Error 2



